<?xml version="1.0" encoding="UTF-8"?>
<!-- Generated by org.testng.reporters.JUnitReportReporter -->
<testsuite hostname="LAPTOP-EEL23SC0" failures="0" tests="1" name="testcases.RegTest" time="50.961" errors="0" timestamp="2024-05-12T17:37:47 IST" skipped="0">
  <testcase classname="testcases.RegTest" name="reg" time="50.961"/>
</testsuite> <!-- testcases.RegTest -->
