<?xml version="1.0" encoding="UTF-8"?>
<!-- Generated by org.testng.reporters.JUnitReportReporter -->
<testsuite hostname="LAPTOP-EEL23SC0" failures="0" tests="3" name="testcases.LoginTest" time="82.250" errors="0" timestamp="2024-05-12T17:37:47 IST" skipped="0">
  <testcase classname="testcases.LoginTest" name="login" time="24.975"/>
  <testcase classname="testcases.LoginTest" name="login" time="25.529"/>
  <testcase classname="testcases.LoginTest" name="login" time="31.746"/>
</testsuite> <!-- testcases.LoginTest -->
